# JRE version: Java(TM) SE Runtime Environment (16.0.2+7) (build 16.0.2+7-67)
# Java VM: Java HotSpot(TM) 64-Bit Server VM (16.0.2+7-67, mixed mode, sharing, tiered, compressed oops, compressed class ptrs, g1 gc, windows-amd64)
GC Precious Log:
 CPUs: 4 total, 4 available
 Memory: 16281M
 Large Page Support: Disabled
 NUMA Support: Disabled
 Compressed Oops: Enabled (32-bit)
 Heap Region Size: 1M
 Heap Min Capacity: 8M
 Heap Initial Capacity: 256M
 Heap Max Capacity: 2G
 Pre-touch: Disabled
 Parallel Workers: 4
 Concurrent Workers: 1
 Concurrent Refinement Workers: 4
 Periodic GC: Disabled
Heap:
 garbage-first heap   total 319488K, used 154393K [0x0000000080000000, 0x0000000100000000)
  region size 1024K, 26 young (26624K), 3 survivors (3072K)
 Metaspace       used 112688K, committed 113408K, reserved 1155072K
  class space    used 14276K, committed 14656K, reserved 1048576K
GC Heap History (20 events):
Event: 33.504 GC heap before
{Heap before GC invocations=48 (full 0):
 garbage-first heap   total 242688K, used 168960K [0x0000000080000000, 0x0000000100000000)
  region size 1024K, 51 young (52224K), 7 survivors (7168K)
 Metaspace       used 97795K, committed 98560K, reserved 1138688K
  class space    used 12452K, committed 12800K, reserved 1048576K
}
Event: 33.525 GC heap after
{Heap after GC invocations=49 (full 0):
 garbage-first heap   total 242688K, used 128597K [0x0000000080000000, 0x0000000100000000)
  region size 1024K, 7 young (7168K), 7 survivors (7168K)
 Metaspace       used 97795K, committed 98560K, reserved 1138688K
  class space    used 12452K, committed 12800K, reserved 1048576K
}
Event: 35.199 GC heap before
{Heap before GC invocations=49 (full 0):
 garbage-first heap   total 242688K, used 187989K [0x0000000080000000, 0x0000000100000000)
  region size 1024K, 66 young (67584K), 7 survivors (7168K)
 Metaspace       used 103424K, committed 104192K, reserved 1146880K
  class space    used 13215K, committed 13568K, reserved 1048576K
}
Event: 35.214 GC heap after
{Heap after GC invocations=50 (full 0):
 garbage-first heap   total 242688K, used 133074K [0x0000000080000000, 0x0000000100000000)
  region size 1024K, 4 young (4096K), 4 survivors (4096K)
 Metaspace       used 103424K, committed 104192K, reserved 1146880K
  class space    used 13215K, committed 13568K, reserved 1048576K
}
Event: 35.929 GC heap before
{Heap before GC invocations=50 (full 0):
 garbage-first heap   total 242688K, used 156626K [0x0000000080000000, 0x0000000100000000)
  region size 1024K, 29 young (29696K), 4 survivors (4096K)
 Metaspace       used 104745K, committed 105472K, reserved 1146880K
  class space    used 13385K, committed 13696K, reserved 1048576K
}
Event: 35.944 GC heap after
{Heap after GC invocations=51 (full 0):
 garbage-first heap   total 242688K, used 135758K [0x0000000080000000, 0x0000000100000000)
  region size 1024K, 7 young (7168K), 7 survivors (7168K)
 Metaspace       used 104745K, committed 105472K, reserved 1146880K
  class space    used 13385K, committed 13696K, reserved 1048576K
}
Event: 37.596 GC heap before
{Heap before GC invocations=52 (full 0):
 garbage-first heap   total 242688K, used 196174K [0x0000000080000000, 0x0000000100000000)
  region size 1024K, 66 young (67584K), 7 survivors (7168K)
 Metaspace       used 107805K, committed 108544K, reserved 1146880K
  class space    used 13915K, committed 14272K, reserved 1048576K
}
Event: 37.608 GC heap after
{Heap after GC invocations=53 (full 0):
 garbage-first heap   total 242688K, used 131663K [0x0000000080000000, 0x0000000100000000)
  region size 1024K, 3 young (3072K), 3 survivors (3072K)
 Metaspace       used 107805K, committed 108544K, reserved 1146880K
  class space    used 13915K, committed 14272K, reserved 1048576K
}
Event: 38.031 GC heap before
{Heap before GC invocations=53 (full 0):
 garbage-first heap   total 242688K, used 167503K [0x0000000080000000, 0x0000000100000000)
  region size 1024K, 11 young (11264K), 3 survivors (3072K)
 Metaspace       used 108804K, committed 109568K, reserved 1146880K
  class space    used 14046K, committed 14400K, reserved 1048576K
}
Event: 38.050 GC heap after
{Heap after GC invocations=54 (full 0):
 garbage-first heap   total 242688K, used 113063K [0x0000000080000000, 0x0000000100000000)
  region size 1024K, 1 young (1024K), 1 survivors (1024K)
 Metaspace       used 108804K, committed 109568K, reserved 1146880K
  class space    used 14046K, committed 14400K, reserved 1048576K
}
Event: 164.274 GC heap before
{Heap before GC invocations=54 (full 0):
 garbage-first heap   total 242688K, used 190887K [0x0000000080000000, 0x0000000100000000)
  region size 1024K, 76 young (77824K), 1 survivors (1024K)
 Metaspace       used 112108K, committed 112896K, reserved 1155072K
  class space    used 14268K, committed 14656K, reserved 1048576K
}
Event: 164.293 GC heap after
{Heap after GC invocations=55 (full 0):
 garbage-first heap   total 242688K, used 127357K [0x0000000080000000, 0x0000000100000000)
  region size 1024K, 10 young (10240K), 10 survivors (10240K)
 Metaspace       used 112108K, committed 112896K, reserved 1155072K
  class space    used 14268K, committed 14656K, reserved 1048576K
}
Event: 165.350 GC heap before
{Heap before GC invocations=55 (full 0):
 garbage-first heap   total 242688K, used 163197K [0x0000000080000000, 0x0000000100000000)
  region size 1024K, 44 young (45056K), 10 survivors (10240K)
 Metaspace       used 112148K, committed 112960K, reserved 1155072K
  class space    used 14269K, committed 14656K, reserved 1048576K
}
Event: 165.379 GC heap after
{Heap after GC invocations=56 (full 0):
 garbage-first heap   total 242688K, used 142858K [0x0000000080000000, 0x0000000100000000)
  region size 1024K, 9 young (9216K), 9 survivors (9216K)
 Metaspace       used 112148K, committed 112960K, reserved 1155072K
  class space    used 14269K, committed 14656K, reserved 1048576K
}
Event: 168.333 GC heap before
{Heap before GC invocations=57 (full 0):
 garbage-first heap   total 266240K, used 193034K [0x0000000080000000, 0x0000000100000000)
  region size 1024K, 48 young (49152K), 9 survivors (9216K)
 Metaspace       used 112281K, committed 113088K, reserved 1155072K
  class space    used 14266K, committed 14656K, reserved 1048576K
}
Event: 168.354 GC heap after
{Heap after GC invocations=58 (full 0):
 garbage-first heap   total 266240K, used 144727K [0x0000000080000000, 0x0000000100000000)
  region size 1024K, 6 young (6144K), 6 survivors (6144K)
 Metaspace       used 112281K, committed 113088K, reserved 1155072K
  class space    used 14266K, committed 14656K, reserved 1048576K
}
Event: 168.414 GC heap before
{Heap before GC invocations=58 (full 0):
 garbage-first heap   total 266240K, used 150871K [0x0000000080000000, 0x0000000100000000)
  region size 1024K, 13 young (13312K), 6 survivors (6144K)
 Metaspace       used 112282K, committed 113088K, reserved 1155072K
  class space    used 14266K, committed 14656K, reserved 1048576K
}
Event: 168.445 GC heap after
{Heap after GC invocations=59 (full 0):
 garbage-first heap   total 266240K, used 130880K [0x0000000080000000, 0x0000000100000000)
  region size 1024K, 2 young (2048K), 2 survivors (2048K)
 Metaspace       used 112282K, committed 113088K, reserved 1155072K
  class space    used 14266K, committed 14656K, reserved 1048576K
}
Event: 369.035 GC heap before
{Heap before GC invocations=59 (full 0):
 garbage-first heap   total 266240K, used 220992K [0x0000000080000000, 0x0000000100000000)
  region size 1024K, 65 young (66560K), 2 survivors (2048K)
 Metaspace       used 112495K, committed 113280K, reserved 1155072K
  class space    used 14272K, committed 14656K, reserved 1048576K
}
Event: 369.047 GC heap after
{Heap after GC invocations=60 (full 0):
 garbage-first heap   total 319488K, used 131865K [0x0000000080000000, 0x0000000100000000)
  region size 1024K, 3 young (3072K), 3 survivors (3072K)
 Metaspace       used 112495K, committed 113280K, reserved 1155072K
  class space    used 14272K, committed 14656K, reserved 1048576K
}

