# JRE version: Java(TM) SE Runtime Environment (16.0.2+7) (build 16.0.2+7-67)
# Java VM: Java HotSpot(TM) 64-Bit Server VM (16.0.2+7-67, mixed mode, sharing, tiered, compressed oops, compressed class ptrs, g1 gc, windows-amd64)
GC Precious Log:
 CPUs: 4 total, 4 available
 Memory: 16281M
 Large Page Support: Disabled
 NUMA Support: Disabled
 Compressed Oops: Enabled (32-bit)
 Heap Region Size: 1M
 Heap Min Capacity: 8M
 Heap Initial Capacity: 256M
 Heap Max Capacity: 2G
 Pre-touch: Disabled
 Parallel Workers: 4
 Concurrent Workers: 1
 Concurrent Refinement Workers: 4
 Periodic GC: Disabled
Heap:
 garbage-first heap   total 352256K, used 194408K [0x0000000080000000, 0x0000000100000000)
  region size 1024K, 78 young (79872K), 21 survivors (21504K)
 Metaspace       used 89668K, committed 90304K, reserved 1130496K
  class space    used 12055K, committed 12352K, reserved 1048576K
GC Heap History (20 events):
Event: 18.791 GC heap before
{Heap before GC invocations=35 (full 0):
 garbage-first heap   total 164864K, used 132176K [0x0000000080000000, 0x0000000100000000)
  region size 1024K, 58 young (59392K), 5 survivors (5120K)
 Metaspace       used 77653K, committed 78272K, reserved 1122304K
  class space    used 10312K, committed 10624K, reserved 1048576K
}
Event: 18.806 GC heap after
{Heap after GC invocations=36 (full 0):
 garbage-first heap   total 164864K, used 86714K [0x0000000080000000, 0x0000000100000000)
  region size 1024K, 8 young (8192K), 8 survivors (8192K)
 Metaspace       used 77653K, committed 78272K, reserved 1122304K
  class space    used 10312K, committed 10624K, reserved 1048576K
}
Event: 19.284 GC heap before
{Heap before GC invocations=37 (full 0):
 garbage-first heap   total 167936K, used 130746K [0x0000000080000000, 0x0000000100000000)
  region size 1024K, 52 young (53248K), 8 survivors (8192K)
 Metaspace       used 77658K, committed 78272K, reserved 1122304K
  class space    used 10312K, committed 10624K, reserved 1048576K
}
Event: 19.296 GC heap after
{Heap after GC invocations=38 (full 0):
 garbage-first heap   total 167936K, used 90187K [0x0000000080000000, 0x0000000100000000)
  region size 1024K, 5 young (5120K), 5 survivors (5120K)
 Metaspace       used 77658K, committed 78272K, reserved 1122304K
  class space    used 10312K, committed 10624K, reserved 1048576K
}
Event: 19.450 GC heap before
{Heap before GC invocations=38 (full 0):
 garbage-first heap   total 167936K, used 135243K [0x0000000080000000, 0x0000000100000000)
  region size 1024K, 49 young (50176K), 5 survivors (5120K)
 Metaspace       used 77659K, committed 78272K, reserved 1122304K
  class space    used 10312K, committed 10624K, reserved 1048576K
}
Event: 19.458 GC heap after
{Heap after GC invocations=39 (full 0):
 garbage-first heap   total 167936K, used 93038K [0x0000000080000000, 0x0000000100000000)
  region size 1024K, 3 young (3072K), 3 survivors (3072K)
 Metaspace       used 77659K, committed 78272K, reserved 1122304K
  class space    used 10312K, committed 10624K, reserved 1048576K
}
Event: 19.995 GC heap before
{Heap before GC invocations=40 (full 0):
 garbage-first heap   total 178176K, used 136046K [0x0000000080000000, 0x0000000100000000)
  region size 1024K, 46 young (47104K), 3 survivors (3072K)
 Metaspace       used 77718K, committed 78336K, reserved 1122304K
  class space    used 10315K, committed 10624K, reserved 1048576K
}
Event: 20.003 GC heap after
{Heap after GC invocations=41 (full 0):
 garbage-first heap   total 178176K, used 97318K [0x0000000080000000, 0x0000000100000000)
  region size 1024K, 6 young (6144K), 6 survivors (6144K)
 Metaspace       used 77718K, committed 78336K, reserved 1122304K
  class space    used 10315K, committed 10624K, reserved 1048576K
}
Event: 20.386 GC heap before
{Heap before GC invocations=41 (full 0):
 garbage-first heap   total 178176K, used 144422K [0x0000000080000000, 0x0000000100000000)
  region size 1024K, 53 young (54272K), 6 survivors (6144K)
 Metaspace       used 77960K, committed 78656K, reserved 1122304K
  class space    used 10350K, committed 10688K, reserved 1048576K
}
Event: 20.399 GC heap after
{Heap after GC invocations=42 (full 0):
 garbage-first heap   total 178176K, used 102761K [0x0000000080000000, 0x0000000100000000)
  region size 1024K, 6 young (6144K), 6 survivors (6144K)
 Metaspace       used 77960K, committed 78656K, reserved 1122304K
  class space    used 10350K, committed 10688K, reserved 1048576K
}
Event: 20.816 GC heap before
{Heap before GC invocations=43 (full 0):
 garbage-first heap   total 198656K, used 145769K [0x0000000080000000, 0x0000000100000000)
  region size 1024K, 48 young (49152K), 6 survivors (6144K)
 Metaspace       used 78226K, committed 78848K, reserved 1122304K
  class space    used 10390K, committed 10688K, reserved 1048576K
}
Event: 20.823 GC heap after
{Heap after GC invocations=44 (full 0):
 garbage-first heap   total 198656K, used 103531K [0x0000000080000000, 0x0000000100000000)
  region size 1024K, 1 young (1024K), 1 survivors (1024K)
 Metaspace       used 78226K, committed 78848K, reserved 1122304K
  class space    used 10390K, committed 10688K, reserved 1048576K
}
Event: 21.347 GC heap before
{Heap before GC invocations=44 (full 0):
 garbage-first heap   total 198656K, used 149611K [0x0000000080000000, 0x0000000100000000)
  region size 1024K, 48 young (49152K), 1 survivors (1024K)
 Metaspace       used 78465K, committed 79104K, reserved 1122304K
  class space    used 10425K, committed 10752K, reserved 1048576K
}
Event: 21.352 GC heap after
{Heap after GC invocations=45 (full 0):
 garbage-first heap   total 198656K, used 104234K [0x0000000080000000, 0x0000000100000000)
  region size 1024K, 2 young (2048K), 2 survivors (2048K)
 Metaspace       used 78465K, committed 79104K, reserved 1122304K
  class space    used 10425K, committed 10752K, reserved 1048576K
}
Event: 22.058 GC heap before
{Heap before GC invocations=46 (full 0):
 garbage-first heap   total 198656K, used 165674K [0x0000000080000000, 0x0000000100000000)
  region size 1024K, 61 young (62464K), 2 survivors (2048K)
 Metaspace       used 80126K, committed 80768K, reserved 1122304K
  class space    used 10662K, committed 10944K, reserved 1048576K
}
Event: 22.065 GC heap after
{Heap after GC invocations=47 (full 0):
 garbage-first heap   total 198656K, used 114242K [0x0000000080000000, 0x0000000100000000)
  region size 1024K, 8 young (8192K), 8 survivors (8192K)
 Metaspace       used 80126K, committed 80768K, reserved 1122304K
  class space    used 10662K, committed 10944K, reserved 1048576K
}
Event: 22.342 GC heap before
{Heap before GC invocations=47 (full 0):
 garbage-first heap   total 198656K, used 160322K [0x0000000080000000, 0x0000000100000000)
  region size 1024K, 54 young (55296K), 8 survivors (8192K)
 Metaspace       used 82140K, committed 82752K, reserved 1122304K
  class space    used 10955K, committed 11264K, reserved 1048576K
}
Event: 22.353 GC heap after
{Heap after GC invocations=48 (full 0):
 garbage-first heap   total 352256K, used 118307K [0x0000000080000000, 0x0000000100000000)
  region size 1024K, 7 young (7168K), 7 survivors (7168K)
 Metaspace       used 82140K, committed 82752K, reserved 1122304K
  class space    used 10955K, committed 11264K, reserved 1048576K
}
Event: 23.987 GC heap before
{Heap before GC invocations=49 (full 0):
 garbage-first heap   total 352256K, used 277027K [0x0000000080000000, 0x0000000100000000)
  region size 1024K, 162 young (165888K), 7 survivors (7168K)
 Metaspace       used 88171K, committed 88832K, reserved 1130496K
  class space    used 11844K, committed 12160K, reserved 1048576K
}
Event: 24.012 GC heap after
{Heap after GC invocations=50 (full 0):
 garbage-first heap   total 352256K, used 137064K [0x0000000080000000, 0x0000000100000000)
  region size 1024K, 21 young (21504K), 21 survivors (21504K)
 Metaspace       used 88171K, committed 88832K, reserved 1130496K
  class space    used 11844K, committed 12160K, reserved 1048576K
}

