# JRE version: Java(TM) SE Runtime Environment (16.0.2+7) (build 16.0.2+7-67)
# Java VM: Java HotSpot(TM) 64-Bit Server VM (16.0.2+7-67, mixed mode, sharing, tiered, compressed oops, compressed class ptrs, g1 gc, windows-amd64)
GC Precious Log:
 CPUs: 4 total, 4 available
 Memory: 16281M
 Large Page Support: Disabled
 NUMA Support: Disabled
 Compressed Oops: Enabled (32-bit)
 Heap Region Size: 1M
 Heap Min Capacity: 8M
 Heap Initial Capacity: 256M
 Heap Max Capacity: 2G
 Pre-touch: Disabled
 Parallel Workers: 4
 Concurrent Workers: 1
 Concurrent Refinement Workers: 4
 Periodic GC: Disabled
Heap:
 garbage-first heap   total 265216K, used 101785K [0x0000000080000000, 0x0000000100000000)
  region size 1024K, 1 young (1024K), 1 survivors (1024K)
 Metaspace       used 103914K, committed 104576K, reserved 1146880K
  class space    used 12929K, committed 13248K, reserved 1048576K
GC Heap History (20 events):
Event: 5512.425 GC heap after
{Heap after GC invocations=64 (full 0):
 garbage-first heap   total 227328K, used 101735K [0x0000000080000000, 0x0000000100000000)
  region size 1024K, 1 young (1024K), 1 survivors (1024K)
 Metaspace       used 98881K, committed 99520K, reserved 1138688K
  class space    used 12565K, committed 12864K, reserved 1048576K
}
Event: 5513.168 GC heap before
{Heap before GC invocations=64 (full 0):
 garbage-first heap   total 227328K, used 164199K [0x0000000080000000, 0x0000000100000000)
  region size 1024K, 63 young (64512K), 1 survivors (1024K)
 Metaspace       used 99028K, committed 99648K, reserved 1138688K
  class space    used 12577K, committed 12864K, reserved 1048576K
}
Event: 5513.171 GC heap after
{Heap after GC invocations=65 (full 0):
 garbage-first heap   total 227328K, used 101876K [0x0000000080000000, 0x0000000100000000)
  region size 1024K, 2 young (2048K), 2 survivors (2048K)
 Metaspace       used 99028K, committed 99648K, reserved 1138688K
  class space    used 12577K, committed 12864K, reserved 1048576K
}
Event: 5515.088 GC heap before
{Heap before GC invocations=65 (full 0):
 garbage-first heap   total 227328K, used 168436K [0x0000000080000000, 0x0000000100000000)
  region size 1024K, 67 young (68608K), 2 survivors (2048K)
 Metaspace       used 99507K, committed 100160K, reserved 1138688K
  class space    used 12595K, committed 12928K, reserved 1048576K
}
Event: 5515.129 GC heap after
{Heap after GC invocations=66 (full 0):
 garbage-first heap   total 227328K, used 127813K [0x0000000080000000, 0x0000000100000000)
  region size 1024K, 12 young (12288K), 12 survivors (12288K)
 Metaspace       used 99507K, committed 100160K, reserved 1138688K
  class space    used 12595K, committed 12928K, reserved 1048576K
}
Event: 5516.433 GC heap before
{Heap before GC invocations=67 (full 0):
 garbage-first heap   total 229376K, used 186181K [0x0000000080000000, 0x0000000100000000)
  region size 1024K, 65 young (66560K), 12 survivors (12288K)
 Metaspace       used 99734K, committed 100352K, reserved 1138688K
  class space    used 12602K, committed 12928K, reserved 1048576K
}
Event: 5516.461 GC heap after
{Heap after GC invocations=68 (full 0):
 garbage-first heap   total 229376K, used 136171K [0x0000000080000000, 0x0000000100000000)
  region size 1024K, 9 young (9216K), 9 survivors (9216K)
 Metaspace       used 99734K, committed 100352K, reserved 1138688K
  class space    used 12602K, committed 12928K, reserved 1048576K
}
Event: 5516.512 GC heap before
{Heap before GC invocations=68 (full 0):
 garbage-first heap   total 229376K, used 138219K [0x0000000080000000, 0x0000000100000000)
  region size 1024K, 11 young (11264K), 9 survivors (9216K)
 Metaspace       used 99736K, committed 100352K, reserved 1138688K
  class space    used 12602K, committed 12928K, reserved 1048576K
}
Event: 5516.550 GC heap after
{Heap after GC invocations=69 (full 0):
 garbage-first heap   total 229376K, used 126902K [0x0000000080000000, 0x0000000100000000)
  region size 1024K, 2 young (2048K), 2 survivors (2048K)
 Metaspace       used 99736K, committed 100352K, reserved 1138688K
  class space    used 12602K, committed 12928K, reserved 1048576K
}
Event: 5517.175 GC heap before
{Heap before GC invocations=69 (full 0):
 garbage-first heap   total 229376K, used 179126K [0x0000000080000000, 0x0000000100000000)
  region size 1024K, 53 young (54272K), 2 survivors (2048K)
 Metaspace       used 99768K, committed 100480K, reserved 1138688K
  class space    used 12605K, committed 12928K, reserved 1048576K
}
Event: 5517.183 GC heap after
{Heap after GC invocations=70 (full 0):
 garbage-first heap   total 229376K, used 126464K [0x0000000080000000, 0x0000000100000000)
  region size 1024K, 1 young (1024K), 1 survivors (1024K)
 Metaspace       used 99768K, committed 100480K, reserved 1138688K
  class space    used 12605K, committed 12928K, reserved 1048576K
}
Event: 5517.841 GC heap before
{Heap before GC invocations=71 (full 0):
 garbage-first heap   total 265216K, used 198144K [0x0000000080000000, 0x0000000100000000)
  region size 1024K, 55 young (56320K), 1 survivors (1024K)
 Metaspace       used 99913K, committed 100544K, reserved 1138688K
  class space    used 12616K, committed 12928K, reserved 1048576K
}
Event: 5517.850 GC heap after
{Heap after GC invocations=72 (full 0):
 garbage-first heap   total 265216K, used 129023K [0x0000000080000000, 0x0000000100000000)
  region size 1024K, 4 young (4096K), 4 survivors (4096K)
 Metaspace       used 99913K, committed 100544K, reserved 1138688K
  class space    used 12616K, committed 12928K, reserved 1048576K
}
Event: 5518.974 GC heap before
{Heap before GC invocations=72 (full 0):
 garbage-first heap   total 265216K, used 202751K [0x0000000080000000, 0x0000000100000000)
  region size 1024K, 77 young (78848K), 4 survivors (4096K)
 Metaspace       used 102768K, committed 103424K, reserved 1146880K
  class space    used 12817K, committed 13120K, reserved 1048576K
}
Event: 5518.983 GC heap after
{Heap after GC invocations=73 (full 0):
 garbage-first heap   total 265216K, used 130500K [0x0000000080000000, 0x0000000100000000)
  region size 1024K, 5 young (5120K), 5 survivors (5120K)
 Metaspace       used 102768K, committed 103424K, reserved 1146880K
  class space    used 12817K, committed 13120K, reserved 1048576K
}
Event: 5520.136 GC heap before
{Heap before GC invocations=74 (full 0):
 garbage-first heap   total 265216K, used 207300K [0x0000000080000000, 0x0000000100000000)
  region size 1024K, 82 young (83968K), 5 survivors (5120K)
 Metaspace       used 103844K, committed 104512K, reserved 1146880K
  class space    used 12922K, committed 13248K, reserved 1048576K
}
Event: 5520.143 GC heap after
{Heap after GC invocations=75 (full 0):
 garbage-first heap   total 265216K, used 125426K [0x0000000080000000, 0x0000000100000000)
  region size 1024K, 3 young (3072K), 3 survivors (3072K)
 Metaspace       used 103844K, committed 104512K, reserved 1146880K
  class space    used 12922K, committed 13248K, reserved 1048576K
}
Event: 5520.366 GC heap before
{Heap before GC invocations=75 (full 0):
 garbage-first heap   total 265216K, used 133618K [0x0000000080000000, 0x0000000100000000)
  region size 1024K, 12 young (12288K), 3 survivors (3072K)
 Metaspace       used 103855K, committed 104512K, reserved 1146880K
  class space    used 12922K, committed 13248K, reserved 1048576K
}
Event: 5520.376 GC heap after
{Heap after GC invocations=76 (full 0):
 garbage-first heap   total 265216K, used 101452K [0x0000000080000000, 0x0000000100000000)
  region size 1024K, 1 young (1024K), 1 survivors (1024K)
 Metaspace       used 103855K, committed 104512K, reserved 1146880K
  class space    used 12922K, committed 13248K, reserved 1048576K
}
Event: 5522.347 GC heap before
{Heap before GC invocations=76 (full 0):
 garbage-first heap   total 265216K, used 202828K [0x0000000080000000, 0x0000000100000000)
  region size 1024K, 101 young (103424K), 1 survivors (1024K)
 Metaspace       used 103914K, committed 104576K, reserved 1146880K
  class space    used 12929K, committed 13248K, reserved 1048576K
}

